  InverseKinematics.cpp
c:\users\coeus\desktop\comp4411\modeler\inversekinematics.h(82): warning C4305: 'initializing': truncation from 'double' to 'const float'
c:\users\coeus\desktop\comp4411\modeler\inversekinematics.cpp(189): warning C4244: '=': conversion from 'float' to 'int', possible loss of data
c:\users\coeus\desktop\comp4411\modeler\inversekinematics.cpp(191): warning C4244: '=': conversion from 'int' to 'float', possible loss of data
c:\users\coeus\desktop\comp4411\modeler\inversekinematics.cpp(326): warning C4244: '=': conversion from 'double' to 'float', possible loss of data
c:\users\coeus\desktop\comp4411\modeler\inversekinematics.cpp(422): warning C4244: 'initializing': conversion from 'double' to 'float', possible loss of data
c:\users\coeus\desktop\comp4411\modeler\inversekinematics.cpp(504): warning C4244: 'initializing': conversion from 'double' to 'float', possible loss of data
c:\users\coeus\desktop\comp4411\modeler\inversekinematics.cpp(515): warning C4305: 'argument': truncation from 'double' to 'const float'
c:\users\coeus\desktop\comp4411\modeler\inversekinematics.cpp(541): warning C4244: '=': conversion from 'double' to 'float', possible loss of data
c:\users\coeus\desktop\comp4411\modeler\inversekinematics.cpp(577): warning C4305: '=': truncation from 'double' to 'float'
c:\users\coeus\desktop\comp4411\modeler\inversekinematics.cpp(595): warning C4305: 'argument': truncation from 'double' to 'const float'
c:\users\coeus\desktop\comp4411\modeler\inversekinematics.cpp(675): warning C4244: 'initializing': conversion from 'double' to 'float', possible loss of data
c:\users\coeus\desktop\comp4411\modeler\inversekinematics.cpp(692): warning C4305: 'initializing': truncation from 'double' to 'float'
c:\users\coeus\desktop\comp4411\modeler\inversekinematics.cpp(703): warning C4244: 'argument': conversion from 'double' to 'const float', possible loss of data
c:\users\coeus\desktop\comp4411\modeler\inversekinematics.cpp(713): warning C4244: 'argument': conversion from 'double' to 'float', possible loss of data
c:\users\coeus\desktop\comp4411\modeler\inversekinematics.cpp(722): warning C4244: 'argument': conversion from 'double' to 'const float', possible loss of data
c:\users\coeus\desktop\comp4411\modeler\inversekinematics.cpp(727): warning C4244: 'argument': conversion from 'double' to 'float', possible loss of data
c:\users\coeus\desktop\comp4411\modeler\inversekinematics.cpp(748): warning C4244: 'initializing': conversion from 'double' to 'float', possible loss of data
c:\users\coeus\desktop\comp4411\modeler\inversekinematics.cpp(757): warning C4244: '=': conversion from 'double' to 'float', possible loss of data
  modeler.vcxproj -> C:\Users\coeus\Desktop\comp4411\Modeler\.\Debug\modeler.exe
  modeler.vcxproj -> .\Debug/modeler.pdb (Full PDB)
