c:\users\coeus\desktop\comp4411\modeler\debug\vc140.pdb
c:\users\coeus\desktop\comp4411\modeler\debug\vc140.idb
c:\users\coeus\desktop\comp4411\modeler\debug\bitmap.obj
c:\users\coeus\desktop\comp4411\modeler\debug\camera.obj
c:\users\coeus\desktop\comp4411\modeler\debug\marchingcube.obj
c:\users\coeus\desktop\comp4411\modeler\debug\metaball.obj
c:\users\coeus\desktop\comp4411\modeler\debug\modelerapp.obj
c:\users\coeus\desktop\comp4411\modeler\debug\modelerdraw.obj
c:\users\coeus\desktop\comp4411\modeler\debug\modelerui.obj
c:\users\coeus\desktop\comp4411\modeler\debug\modelerview.obj
c:\users\coeus\desktop\comp4411\modeler\debug\mymodel.obj
c:\users\coeus\desktop\comp4411\modeler\debug\modeler.ilk
c:\users\coeus\desktop\comp4411\modeler\debug\modeler.exe
c:\users\coeus\desktop\comp4411\modeler\debug\modeler.pdb
c:\users\coeus\desktop\comp4411\modeler\.\debug\modeler.exe
c:\users\coeus\desktop\comp4411\modeler\debug\modeler.tlog\cl.command.1.tlog
c:\users\coeus\desktop\comp4411\modeler\debug\modeler.tlog\cl.read.1.tlog
c:\users\coeus\desktop\comp4411\modeler\debug\modeler.tlog\cl.write.1.tlog
c:\users\coeus\desktop\comp4411\modeler\debug\modeler.tlog\link.command.1.tlog
c:\users\coeus\desktop\comp4411\modeler\debug\modeler.tlog\link.read.1.tlog
c:\users\coeus\desktop\comp4411\modeler\debug\modeler.tlog\link.write.1.tlog
